<?xml version="1.0" encoding="UTF-8"?>
<testsuites tests="3" failures="2" disabled="0" errors="0" timestamp="2016-04-28T21:56:51" time="0.021" name="AllTests">
  <testsuite name="SquareRootTest" tests="2" failures="2" disabled="0" errors="0" time="0.011">
    <testcase name="PositiveNos" status="run" time="0.003" classname="SquareRootTest">
      <failure message="..\test\SquareRoot_Tests.cpp:8&#x0A;Value of: SquareRoot(2533.310224)&#x0A;  Actual: 50.332&#x0A;Expected: 50.3321" type=""><![CDATA[..\test\SquareRoot_Tests.cpp:8
Value of: SquareRoot(2533.310224)
  Actual: 50.332
Expected: 50.3321]]></failure>
    </testcase>
    <testcase name="ZeroAndNegativeNos" status="run" time="0.003" classname="SquareRootTest">
      <failure message="..\test\SquareRoot_Tests.cpp:13&#x0A;Value of: SquareRoot(-22.0)&#x0A;  Actual: nan&#x0A;Expected: -1" type=""><![CDATA[..\test\SquareRoot_Tests.cpp:13
Value of: SquareRoot(-22.0)
  Actual: nan
Expected: -1]]></failure>
    </testcase>
  </testsuite>
  <testsuite name="Counter" tests="1" failures="0" disabled="0" errors="0" time="0.002">
    <testcase name="Increment" status="run" time="0" classname="Counter" />
  </testsuite>
</testsuites>
