<?xml version="1.0" encoding="UTF-8"?>
<testsuites tests="3" failures="0" disabled="0" errors="0" timestamp="2016-05-24T23:59:07" time="0.005" name="AllTests">
  <testsuite name="SquareRootTest" tests="2" failures="0" disabled="0" errors="0" time="0.002">
    <testcase name="PositiveNos" status="run" time="0" classname="SquareRootTest" />
    <testcase name="ZeroAndNegativeNos" status="run" time="0" classname="SquareRootTest" />
  </testsuite>
  <testsuite name="CounterTest" tests="1" failures="0" disabled="0" errors="0" time="0.001">
    <testcase name="Increment" status="run" time="0" classname="CounterTest" />
  </testsuite>
</testsuites>
