<?xml version="1.0" ?>
<!DOCTYPE coverage
  SYSTEM 'http://cobertura.sourceforge.net/xml/coverage-03.dtd'>
<coverage branch-rate="0.369918699187" line-rate="0.987951807229" timestamp="1461873856" version="gcovr 3.2">
<sources>
<source>..</source>
</sources>
<packages>
<package branch-rate="0.547619047619" complexity="0.0" line-rate="0.977777777778" name="Tools.googletest-release-1.7.0.include.gtest">
<classes>
<class branch-rate="0.5" complexity="0.0" filename="Tools\googletest-release-1.7.0\include\gtest\gtest-message.h" line-rate="1.0" name="gtest-message_h">
<methods/>
<lines>
<line branch="true" condition-coverage="50% (1/2)" hits="113" number="85">
<conditions>
<condition coverage="50%" number="0" type="jump"/>
</conditions>
</line>
</lines>
</class>
<class branch-rate="0.5" complexity="0.0" filename="Tools\googletest-release-1.7.0\include\gtest\gtest-printers.h" line-rate="1.0" name="gtest-printers_h">
<methods/>
<lines>
<line branch="false" hits="4" number="683"/>
<line branch="false" hits="4" number="684"/>
<line branch="false" hits="4" number="685"/>
<line branch="false" hits="4" number="245"/>
<line branch="false" hits="4" number="591"/>
<line branch="false" hits="4" number="335"/>
<line branch="true" condition-coverage="50% (4/8)" hits="8" number="848">
<conditions>
<condition coverage="50%" number="0" type="jump"/>
</conditions>
</line>
<line branch="true" condition-coverage="50% (2/4)" hits="4" number="849">
<conditions>
<condition coverage="50%" number="0" type="jump"/>
</conditions>
</line>
<line branch="false" hits="4" number="338"/>
<line branch="false" hits="4" number="339"/>
<line branch="false" hits="4" number="600"/>
<line branch="false" hits="4" number="601"/>
<line branch="false" hits="4" number="218"/>
<line branch="false" hits="4" number="847"/>
<line branch="false" hits="4" number="353"/>
<line branch="true" condition-coverage="50% (2/4)" hits="8" number="850">
<conditions>
<condition coverage="50%" number="0" type="jump"/>
</conditions>
</line>
<line branch="false" hits="4" number="752"/>
<line branch="false" hits="4" number="756"/>
<line branch="false" hits="4" number="757"/>
<line branch="false" hits="4" number="246"/>
<line branch="true" condition-coverage="50% (2/4)" hits="4" number="376">
<conditions>
<condition coverage="50%" number="0" type="jump"/>
</conditions>
</line>
<line branch="false" hits="4" number="377"/>
</lines>
</class>
<class branch-rate="0.6" complexity="0.0" filename="Tools\googletest-release-1.7.0\include\gtest\gtest.h" line-rate="0.954545454545" name="gtest_h">
<methods/>
<lines>
<line branch="true" condition-coverage="50% (1/2)" hits="10" number="256">
<conditions>
<condition coverage="50%" number="0" type="jump"/>
</conditions>
</line>
<line branch="false" hits="0" number="451"/>
<line branch="false" hits="7" number="1480"/>
<line branch="false" hits="8" number="265"/>
<line branch="false" hits="2" number="279"/>
<line branch="false" hits="4" number="1357"/>
<line branch="false" hits="4" number="1358"/>
<line branch="false" hits="7" number="1485"/>
<line branch="false" hits="2" number="274"/>
<line branch="true" condition-coverage="50% (1/2)" hits="2" number="275">
<conditions>
<condition coverage="50%" number="0" type="jump"/>
</conditions>
</line>
<line branch="false" hits="4" number="1431"/>
<line branch="false" hits="4" number="1433"/>
<line branch="false" hits="8" number="1438"/>
<line branch="true" condition-coverage="100% (4/4)" hits="8" number="1448">
<conditions>
<condition coverage="100%" number="0" type="jump"/>
</conditions>
</line>
<line branch="false" hits="6" number="1449"/>
<line branch="false" hits="2" number="365"/>
<line branch="false" hits="1" number="2287"/>
<line branch="false" hits="1" number="2288"/>
<line branch="true" condition-coverage="50% (6/12)" hits="2" number="1460">
<conditions>
<condition coverage="50%" number="0" type="jump"/>
</conditions>
</line>
<line branch="false" hits="2" number="373"/>
<line branch="false" hits="1" number="1513"/>
<line branch="false" hits="1" number="1525"/>
</lines>
</class>
</classes>
</package>
<package branch-rate="0.576923076923" complexity="0.0" line-rate="1.0" name="Tools.googletest-release-1.7.0.include.gtest.internal">
<classes>
<class branch-rate="0.5" complexity="0.0" filename="Tools\googletest-release-1.7.0\include\gtest\internal\gtest-internal.h" line-rate="1.0" name="gtest-internal_h">
<methods/>
<lines>
<line branch="true" condition-coverage="50% (2/4)" hits="9" number="452">
<conditions>
<condition coverage="50%" number="0" type="jump"/>
</conditions>
</line>
<line branch="false" hits="3" number="443"/>
<line branch="true" condition-coverage="50% (1/2)" hits="3" number="436">
<conditions>
<condition coverage="50%" number="0" type="jump"/>
</conditions>
</line>
<line branch="false" hits="4" number="869"/>
<line branch="true" condition-coverage="50% (2/4)" hits="3" number="454">
<conditions>
<condition coverage="50%" number="0" type="jump"/>
</conditions>
</line>
</lines>
</class>
<class branch-rate="0.625" complexity="0.0" filename="Tools\googletest-release-1.7.0\include\gtest\internal\gtest-port.h" line-rate="1.0" name="gtest-port_h">
<methods/>
<lines>
<line branch="false" hits="4" number="898"/>
<line branch="false" hits="6" number="899"/>
<line branch="false" hits="125" number="907"/>
<line branch="true" condition-coverage="75% (3/4)" hits="125" number="908">
<conditions>
<condition coverage="75%" number="0" type="jump"/>
</conditions>
</line>
<line branch="true" condition-coverage="50% (2/4)" hits="119" number="909">
<conditions>
<condition coverage="50%" number="0" type="jump"/>
</conditions>
</line>
<line branch="true" condition-coverage="75% (3/4)" hits="119" number="910">
<conditions>
<condition coverage="75%" number="0" type="jump"/>
</conditions>
</line>
<line branch="false" hits="119" number="912"/>
<line branch="false" hits="125" number="914"/>
<line branch="true" condition-coverage="50% (2/4)" hits="123" number="895">
<conditions>
<condition coverage="50%" number="0" type="jump"/>
</conditions>
</line>
</lines>
</class>
</classes>
</package>
<package branch-rate="0.0" complexity="0.0" line-rate="1.0" name="src">
<classes>
<class branch-rate="0.0" complexity="0.0" filename="src\Counter.cpp" line-rate="1.0" name="Counter_cpp">
<methods/>
<lines>
<line branch="false" hits="3" number="12"/>
<line branch="false" hits="3" number="13"/>
</lines>
</class>
<class branch-rate="0.0" complexity="0.0" filename="src\Counter.hpp" line-rate="1.0" name="Counter_hpp">
<methods/>
<lines>
<line branch="false" hits="1" number="17"/>
</lines>
</class>
<class branch-rate="0.0" complexity="0.0" filename="src\SquareRoot.c" line-rate="1.0" name="SquareRoot_c">
<methods/>
<lines>
<line branch="false" hits="5" number="11"/>
<line branch="false" hits="5" number="12"/>
</lines>
</class>
</classes>
</package>
<package branch-rate="0.297752808989" complexity="0.0" line-rate="1.0" name="test">
<classes>
<class branch-rate="0.235294117647" complexity="0.0" filename="test\Counter_Tests.cpp" line-rate="1.0" name="Counter_Tests_cpp">
<methods/>
<lines>
<line branch="true" condition-coverage="50% (2/4)" hits="5" number="12">
<conditions>
<condition coverage="50%" number="0" type="jump"/>
</conditions>
</line>
<line branch="false" hits="1" number="13"/>
<line branch="true" condition-coverage="20% (4/20)" hits="1" number="14">
<conditions>
<condition coverage="20%" number="0" type="jump"/>
</conditions>
</line>
<line branch="true" condition-coverage="20% (4/20)" hits="1" number="15">
<conditions>
<condition coverage="20%" number="0" type="jump"/>
</conditions>
</line>
<line branch="true" condition-coverage="20% (4/20)" hits="1" number="16">
<conditions>
<condition coverage="20%" number="0" type="jump"/>
</conditions>
</line>
<line branch="true" condition-coverage="50% (2/4)" hits="4" number="17">
<conditions>
<condition coverage="50%" number="0" type="jump"/>
</conditions>
</line>
</lines>
</class>
<class branch-rate="0.330188679245" complexity="0.0" filename="test\SquareRoot_Tests.cpp" line-rate="1.0" name="SquareRoot_Tests_cpp">
<methods/>
<lines>
<line branch="true" condition-coverage="50% (2/4)" hits="5" number="5">
<conditions>
<condition coverage="50%" number="0" type="jump"/>
</conditions>
</line>
<line branch="true" condition-coverage="16% (3/18)" hits="1" number="6">
<conditions>
<condition coverage="16%" number="0" type="jump"/>
</conditions>
</line>
<line branch="true" condition-coverage="16% (3/18)" hits="1" number="7">
<conditions>
<condition coverage="16%" number="0" type="jump"/>
</conditions>
</line>
<line branch="true" condition-coverage="50% (9/18)" hits="1" number="8">
<conditions>
<condition coverage="50%" number="0" type="jump"/>
</conditions>
</line>
<line branch="false" hits="1" number="9"/>
<line branch="true" condition-coverage="50% (2/4)" hits="5" number="11">
<conditions>
<condition coverage="50%" number="0" type="jump"/>
</conditions>
</line>
<line branch="true" condition-coverage="20% (4/20)" hits="1" number="12">
<conditions>
<condition coverage="20%" number="0" type="jump"/>
</conditions>
</line>
<line branch="true" condition-coverage="50% (10/20)" hits="1" number="13">
<conditions>
<condition coverage="50%" number="0" type="jump"/>
</conditions>
</line>
<line branch="true" condition-coverage="50% (2/4)" hits="3" number="14">
<conditions>
<condition coverage="50%" number="0" type="jump"/>
</conditions>
</line>
</lines>
</class>
<class branch-rate="0.5" complexity="0.0" filename="test\gtest_main.cpp" line-rate="1.0" name="gtest_main_cpp">
<methods/>
<lines>
<line branch="false" hits="1" number="10"/>
<line branch="false" hits="1" number="11"/>
<line branch="false" hits="1" number="12"/>
<line branch="true" condition-coverage="50% (2/4)" hits="3" number="13">
<conditions>
<condition coverage="50%" number="0" type="jump"/>
</conditions>
</line>
</lines>
</class>
</classes>
</package>
</packages>
</coverage>

