<?xml version="1.0" ?>
<!DOCTYPE coverage
  SYSTEM 'http://cobertura.sourceforge.net/xml/coverage-03.dtd'>
<coverage branch-rate="0.0" line-rate="1.0" timestamp="1461884009" version="gcovr 3.2">
<sources>
<source>..</source>
</sources>
<packages>
<package branch-rate="0.0" complexity="0.0" line-rate="1.0" name="src">
<classes>
<class branch-rate="0.0" complexity="0.0" filename="src\Counter.cpp" line-rate="1.0" name="Counter_cpp">
<methods/>
<lines>
<line branch="false" hits="3" number="12"/>
<line branch="false" hits="3" number="13"/>
</lines>
</class>
<class branch-rate="0.0" complexity="0.0" filename="src\Counter.hpp" line-rate="1.0" name="Counter_hpp">
<methods/>
<lines>
<line branch="false" hits="1" number="17"/>
</lines>
</class>
<class branch-rate="0.0" complexity="0.0" filename="src\SquareRoot.c" line-rate="1.0" name="SquareRoot_c">
<methods/>
<lines>
<line branch="false" hits="5" number="11"/>
<line branch="false" hits="5" number="12"/>
</lines>
</class>
</classes>
</package>
</packages>
</coverage>

