<?xml version="1.0" ?>
<!DOCTYPE coverage
  SYSTEM 'http://cobertura.sourceforge.net/xml/coverage-03.dtd'>
<coverage branch-rate="0.297752808989" line-rate="0.913043478261" timestamp="1461873725" version="gcovr 3.2">
<sources>
<source>..</source>
</sources>
<packages>
<package branch-rate="0.0" complexity="0.0" line-rate="0.5" name="src">
<classes>
<class branch-rate="0.0" complexity="0.0" filename="src\Counter.cpp" line-rate="1.0" name="Counter_cpp">
<methods/>
<lines>
<line branch="false" hits="3" number="12"/>
<line branch="false" hits="3" number="13"/>
</lines>
</class>
<class branch-rate="0.0" complexity="0.0" filename="src\SquareRoot.c" line-rate="0.0" name="SquareRoot_c">
<methods/>
<lines>
<line branch="false" hits="0" number="11"/>
<line branch="false" hits="0" number="12"/>
</lines>
</class>
</classes>
</package>
<package branch-rate="0.297752808989" complexity="0.0" line-rate="1.0" name="test">
<classes>
<class branch-rate="0.235294117647" complexity="0.0" filename="test\Counter_Tests.cpp" line-rate="1.0" name="Counter_Tests_cpp">
<methods/>
<lines>
<line branch="true" condition-coverage="50% (2/4)" hits="5" number="12">
<conditions>
<condition coverage="50%" number="0" type="jump"/>
</conditions>
</line>
<line branch="false" hits="1" number="13"/>
<line branch="true" condition-coverage="20% (4/20)" hits="1" number="14">
<conditions>
<condition coverage="20%" number="0" type="jump"/>
</conditions>
</line>
<line branch="true" condition-coverage="20% (4/20)" hits="1" number="15">
<conditions>
<condition coverage="20%" number="0" type="jump"/>
</conditions>
</line>
<line branch="true" condition-coverage="20% (4/20)" hits="1" number="16">
<conditions>
<condition coverage="20%" number="0" type="jump"/>
</conditions>
</line>
<line branch="true" condition-coverage="50% (2/4)" hits="4" number="17">
<conditions>
<condition coverage="50%" number="0" type="jump"/>
</conditions>
</line>
</lines>
</class>
<class branch-rate="0.330188679245" complexity="0.0" filename="test\SquareRoot_Tests.cpp" line-rate="1.0" name="SquareRoot_Tests_cpp">
<methods/>
<lines>
<line branch="true" condition-coverage="50% (2/4)" hits="5" number="5">
<conditions>
<condition coverage="50%" number="0" type="jump"/>
</conditions>
</line>
<line branch="true" condition-coverage="16% (3/18)" hits="1" number="6">
<conditions>
<condition coverage="16%" number="0" type="jump"/>
</conditions>
</line>
<line branch="true" condition-coverage="16% (3/18)" hits="1" number="7">
<conditions>
<condition coverage="16%" number="0" type="jump"/>
</conditions>
</line>
<line branch="true" condition-coverage="50% (9/18)" hits="1" number="8">
<conditions>
<condition coverage="50%" number="0" type="jump"/>
</conditions>
</line>
<line branch="false" hits="1" number="9"/>
<line branch="true" condition-coverage="50% (2/4)" hits="5" number="11">
<conditions>
<condition coverage="50%" number="0" type="jump"/>
</conditions>
</line>
<line branch="true" condition-coverage="20% (4/20)" hits="1" number="12">
<conditions>
<condition coverage="20%" number="0" type="jump"/>
</conditions>
</line>
<line branch="true" condition-coverage="50% (10/20)" hits="1" number="13">
<conditions>
<condition coverage="50%" number="0" type="jump"/>
</conditions>
</line>
<line branch="true" condition-coverage="50% (2/4)" hits="3" number="14">
<conditions>
<condition coverage="50%" number="0" type="jump"/>
</conditions>
</line>
</lines>
</class>
<class branch-rate="0.5" complexity="0.0" filename="test\gtest_main.cpp" line-rate="1.0" name="gtest_main_cpp">
<methods/>
<lines>
<line branch="false" hits="1" number="10"/>
<line branch="false" hits="1" number="11"/>
<line branch="false" hits="1" number="12"/>
<line branch="true" condition-coverage="50% (2/4)" hits="3" number="13">
<conditions>
<condition coverage="50%" number="0" type="jump"/>
</conditions>
</line>
</lines>
</class>
</classes>
</package>
</packages>
</coverage>

